<?xml version="1.0" encoding="UTF-8"?>
<!-- Generated by org.testng.reporters.JUnitReportReporter -->
<testsuite hostname="LAPTOP-BIBRP9ER" failures="0" tests="3" name="org.test.Challenge6" time="260.288" errors="0" timestamp="2022-12-03T11:53:41 IST" skipped="0">
  <testcase classname="org.test.Challenge6" name="tc1" time="42.702"/>
  <system-out/>
  <testcase classname="org.test.Challenge6" name="tc1" time="170.955"/>
  <system-out/>
  <testcase classname="org.test.Challenge6" name="tc1" time="46.631"/>
  <system-out/>
</testsuite> <!-- org.test.Challenge6 -->
